<?xml version="1.0" encoding="UTF-8"?>
<!-- Generated by org.testng.reporters.JUnitReportReporter -->
<testsuite hostname="Анна-HP" failures="0" tests="4" name="org.emample.AppTest" time="0.020" errors="0" timestamp="2023-05-06T00:16:17 SAMT" skipped="0">
  <testcase classname="org.emample.AppTest" name="testSum" time="0.001"/>
  <system-out/>
  <testcase classname="org.emample.AppTest" name="testSum" time="0.002"/>
  <system-out/>
  <testcase classname="org.emample.AppTest" name="testSum" time="0.016"/>
  <system-out/>
  <testcase classname="org.emample.AppTest" name="testSum" time="0.001"/>
  <system-out/>
</testsuite> <!-- org.emample.AppTest -->
